{"level":"info","message":"Server is running on port 3000","service":"facebook-page-api","timestamp":"2026-01-08 17:35:40"}
{"level":"info","message":"::1 - - [08/Jan/2026:12:07:23 +0000] \"GET / HTTP/1.1\" 404 139 \"-\" \"Mozilla/5.0 (Windows NT 10.0; Win64; x64) AppleWebKit/537.36 (KHTML, like Gecko) Chrome/142.0.0.0 Safari/537.36\"","service":"facebook-page-api","timestamp":"2026-01-08 17:37:23"}
{"level":"info","message":"::1 - - [08/Jan/2026:12:08:14 +0000] \"GET / HTTP/1.1\" 404 139 \"-\" \"Mozilla/5.0 (Windows NT 10.0; Win64; x64) AppleWebKit/537.36 (KHTML, like Gecko) Chrome/142.0.0.0 Safari/537.36\"","service":"facebook-page-api","timestamp":"2026-01-08 17:38:14"}
{"level":"info","message":"::1 - - [08/Jan/2026:12:08:33 +0000] \"GET / HTTP/1.1\" 404 139 \"-\" \"Mozilla/5.0 (Windows NT 10.0; Win64; x64) AppleWebKit/537.36 (KHTML, like Gecko) Chrome/142.0.0.0 Safari/537.36\"","service":"facebook-page-api","timestamp":"2026-01-08 17:38:33"}
{"level":"info","message":"::1 - - [08/Jan/2026:12:25:22 +0000] \"GET / HTTP/1.1\" 404 139 \"-\" \"Mozilla/5.0 (Windows NT 10.0; Win64; x64) AppleWebKit/537.36 (KHTML, like Gecko) Chrome/142.0.0.0 Safari/537.36\"","service":"facebook-page-api","timestamp":"2026-01-08 17:55:22"}
{"level":"info","message":"Server is running on port 3000","service":"facebook-page-api","timestamp":"2026-01-08 17:55:43"}
{"level":"info","message":"::1 - - [08/Jan/2026:12:25:50 +0000] \"GET / HTTP/1.1\" 404 139 \"-\" \"Mozilla/5.0 (Windows NT 10.0; Win64; x64) AppleWebKit/537.36 (KHTML, like Gecko) Chrome/142.0.0.0 Safari/537.36\"","service":"facebook-page-api","timestamp":"2026-01-08 17:55:50"}
{"level":"info","message":"::1 - - [08/Jan/2026:12:26:07 +0000] \"GET / HTTP/1.1\" 404 139 \"-\" \"Mozilla/5.0 (Windows NT 10.0; Win64; x64) AppleWebKit/537.36 (KHTML, like Gecko) Chrome/142.0.0.0 Safari/537.36\"","service":"facebook-page-api","timestamp":"2026-01-08 17:56:07"}
{"level":"info","message":"::1 - - [08/Jan/2026:12:26:09 +0000] \"GET / HTTP/1.1\" 404 139 \"-\" \"Mozilla/5.0 (Windows NT 10.0; Win64; x64) AppleWebKit/537.36 (KHTML, like Gecko) Chrome/142.0.0.0 Safari/537.36\"","service":"facebook-page-api","timestamp":"2026-01-08 17:56:09"}
{"level":"info","message":"::1 - - [08/Jan/2026:12:26:09 +0000] \"GET / HTTP/1.1\" 404 139 \"-\" \"Mozilla/5.0 (Windows NT 10.0; Win64; x64) AppleWebKit/537.36 (KHTML, like Gecko) Chrome/142.0.0.0 Safari/537.36\"","service":"facebook-page-api","timestamp":"2026-01-08 17:56:09"}
{"level":"info","message":"::1 - - [08/Jan/2026:12:26:09 +0000] \"GET / HTTP/1.1\" 404 139 \"-\" \"Mozilla/5.0 (Windows NT 10.0; Win64; x64) AppleWebKit/537.36 (KHTML, like Gecko) Chrome/142.0.0.0 Safari/537.36\"","service":"facebook-page-api","timestamp":"2026-01-08 17:56:09"}
{"level":"info","message":"Server is running on port 3000","service":"facebook-page-api","timestamp":"2026-01-08 18:57:41"}
{"level":"info","message":"::1 - - [08/Jan/2026:13:31:17 +0000] \"POST /routes/facebook/posts HTTP/1.1\" 404 161 \"-\" \"PostmanRuntime/7.51.0\"","service":"facebook-page-api","timestamp":"2026-01-08 19:01:17"}
{"level":"info","message":"::1 - - [08/Jan/2026:13:31:46 +0000] \"POST /routes/facebook/ HTTP/1.1\" 404 156 \"-\" \"PostmanRuntime/7.51.0\"","service":"facebook-page-api","timestamp":"2026-01-08 19:01:46"}
{"level":"info","message":"::1 - - [08/Jan/2026:13:31:55 +0000] \"POST /routes/ HTTP/1.1\" 404 147 \"-\" \"PostmanRuntime/7.51.0\"","service":"facebook-page-api","timestamp":"2026-01-08 19:01:55"}
{"error":{"error":{"code":190,"error_subcode":467,"fbtrace_id":"AfKXpRZqRXMy03uj7JgB4Ei","message":"Error validating access token: The session is invalid because the user logged out.","type":"OAuthException"}},"level":"error","message":"Error posting to Facebook page","service":"facebook-page-api","timestamp":"2026-01-08 19:03:05"}
{"level":"error","message":"500 - Error validating access token: The session is invalid because the user logged out. - /api/facebook/posts - POST - ::1","service":"facebook-page-api","timestamp":"2026-01-08 19:03:05"}
{"level":"info","message":"::1 - - [08/Jan/2026:13:33:05 +0000] \"POST /api/facebook/posts HTTP/1.1\" 500 33 \"-\" \"PostmanRuntime/7.51.0\"","service":"facebook-page-api","timestamp":"2026-01-08 19:03:05"}
{"error":{"error":{"code":190,"error_subcode":467,"fbtrace_id":"AaDOFVhumBgIY4p4b7giUyA","message":"Error validating access token: The session is invalid because the user logged out.","type":"OAuthException"}},"level":"error","message":"Error posting to Facebook page","service":"facebook-page-api","timestamp":"2026-01-08 19:03:11"}
{"level":"error","message":"500 - Error validating access token: The session is invalid because the user logged out. - /api/facebook/posts - POST - ::1","service":"facebook-page-api","timestamp":"2026-01-08 19:03:11"}
{"level":"info","message":"::1 - - [08/Jan/2026:13:33:11 +0000] \"POST /api/facebook/posts HTTP/1.1\" 500 33 \"-\" \"PostmanRuntime/7.51.0\"","service":"facebook-page-api","timestamp":"2026-01-08 19:03:11"}
{"level":"info","message":"::1 - - [08/Jan/2026:13:34:19 +0000] \"POST /ruotes/facebook/posts HTTP/1.1\" 404 161 \"-\" \"PostmanRuntime/7.51.0\"","service":"facebook-page-api","timestamp":"2026-01-08 19:04:19"}
{"level":"info","message":"::1 - - [08/Jan/2026:13:35:19 +0000] \"POST /routes/facebook/posts HTTP/1.1\" 404 161 \"-\" \"PostmanRuntime/7.51.0\"","service":"facebook-page-api","timestamp":"2026-01-08 19:05:19"}
{"level":"info","message":"Server is running on port 3000","service":"facebook-page-api","timestamp":"2026-01-08 19:06:07"}
{"level":"info","message":"::1 - - [08/Jan/2026:13:36:15 +0000] \"POST /routes/facebook/posts HTTP/1.1\" 404 161 \"-\" \"PostmanRuntime/7.51.0\"","service":"facebook-page-api","timestamp":"2026-01-08 19:06:15"}
{"level":"info","message":"::1 - - [08/Jan/2026:13:39:25 +0000] \"POST /routes/facebook/posts HTTP/1.1\" 404 161 \"-\" \"PostmanRuntime/7.51.0\"","service":"facebook-page-api","timestamp":"2026-01-08 19:09:25"}
{"level":"info","message":"::1 - - [08/Jan/2026:13:39:32 +0000] \"POST /routes/facebook/posts HTTP/1.1\" 404 161 \"-\" \"PostmanRuntime/7.51.0\"","service":"facebook-page-api","timestamp":"2026-01-08 19:09:32"}
{"level":"info","message":"::1 - - [08/Jan/2026:13:40:26 +0000] \"POST /routes/facebook/posts HTTP/1.1\" 404 161 \"-\" \"PostmanRuntime/7.51.0\"","service":"facebook-page-api","timestamp":"2026-01-08 19:10:26"}
{"level":"info","message":"::1 - - [08/Jan/2026:13:42:59 +0000] \"POST /routes/facebook/posts HTTP/1.1\" 404 161 \"-\" \"PostmanRuntime/7.51.0\"","service":"facebook-page-api","timestamp":"2026-01-08 19:12:59"}
{"error":{"error":{"code":190,"error_subcode":467,"fbtrace_id":"ApdcxcfJDeGD9hZMnEKfVNO","message":"Error validating access token: The session is invalid because the user logged out.","type":"OAuthException"}},"level":"error","message":"Error posting to Facebook page","service":"facebook-page-api","timestamp":"2026-01-08 19:14:46"}
{"level":"error","message":"500 - Error validating access token: The session is invalid because the user logged out. - /api/facebook/posts - POST - ::1","service":"facebook-page-api","timestamp":"2026-01-08 19:14:46"}
{"level":"info","message":"::1 - - [08/Jan/2026:13:44:46 +0000] \"POST /api/facebook/posts HTTP/1.1\" 500 33 \"-\" \"PostmanRuntime/7.51.0\"","service":"facebook-page-api","timestamp":"2026-01-08 19:14:46"}
{"level":"info","message":"Server is running on port 3000","service":"facebook-page-api","timestamp":"2026-01-08 19:33:57"}
{"level":"info","message":"Server is running on port 3000","service":"facebook-page-api","timestamp":"2026-01-08 19:46:59"}
{"error":{"error":{"code":190,"error_subcode":467,"fbtrace_id":"Ak3Q3rxv2fGWuNQzy2niMJv","message":"Error validating access token: The session is invalid because the user logged out.","type":"OAuthException"}},"level":"error","message":"Error posting to Facebook page","service":"facebook-page-api","timestamp":"2026-01-08 19:47:04"}
{"level":"error","message":"500 - Error validating access token: The session is invalid because the user logged out. - /api/facebook/posts - POST - ::1","service":"facebook-page-api","timestamp":"2026-01-08 19:47:04"}
{"level":"info","message":"::1 - - [08/Jan/2026:14:17:04 +0000] \"POST /api/facebook/posts HTTP/1.1\" 500 33 \"-\" \"PostmanRuntime/7.51.0\"","service":"facebook-page-api","timestamp":"2026-01-08 19:47:04"}
{"level":"info","message":"Server is running on port 3000","service":"facebook-page-api","timestamp":"2026-01-08 19:57:08"}
{"error":{"error":{"code":190,"error_subcode":467,"fbtrace_id":"AHh5aY7lrCxHPmzXhglyUPa","message":"Error validating access token: The session is invalid because the user logged out.","type":"OAuthException"}},"level":"error","message":"Error posting to Facebook page","service":"facebook-page-api","timestamp":"2026-01-08 19:57:18"}
{"level":"error","message":"500 - Error validating access token: The session is invalid because the user logged out. - /api/facebook/posts - POST - ::1","service":"facebook-page-api","timestamp":"2026-01-08 19:57:18"}
{"level":"info","message":"::1 - - [08/Jan/2026:14:27:18 +0000] \"POST /api/facebook/posts HTTP/1.1\" 500 33 \"-\" \"PostmanRuntime/7.51.0\"","service":"facebook-page-api","timestamp":"2026-01-08 19:57:18"}
{"level":"info","message":"Server is running on port 3000","service":"facebook-page-api","timestamp":"2026-01-08 20:00:17"}
{"level":"info","message":"Server is running on port 3000","service":"facebook-page-api","timestamp":"2026-01-08 20:07:58"}
{"error":{"error":{"code":190,"error_subcode":467,"fbtrace_id":"ApGACWpu8grQpcr2hf6aOoF","message":"Error validating access token: The session is invalid because the user logged out.","type":"OAuthException"}},"level":"error","message":"Error posting to Facebook page","service":"facebook-page-api","timestamp":"2026-01-08 20:08:02"}
{"level":"error","message":"500 - Error validating access token: The session is invalid because the user logged out. - /api/facebook/posts - POST - ::1","service":"facebook-page-api","timestamp":"2026-01-08 20:08:02"}
{"level":"info","message":"::1 - - [08/Jan/2026:14:38:02 +0000] \"POST /api/facebook/posts HTTP/1.1\" 500 33 \"-\" \"PostmanRuntime/7.51.0\"","service":"facebook-page-api","timestamp":"2026-01-08 20:08:02"}
{"level":"info","message":"::1 - - [08/Jan/2026:14:39:04 +0000] \"POST /api/facebook/media HTTP/1.1\" 400 63 \"-\" \"PostmanRuntime/7.51.0\"","service":"facebook-page-api","timestamp":"2026-01-08 20:09:04"}
{"error":{"error":{"code":190,"error_subcode":467,"fbtrace_id":"A3K0UlchthsKWb98Dt5mu1B","message":"Error validating access token: The session is invalid because the user logged out.","type":"OAuthException"}},"level":"error","message":"Error fetching Facebook page posts","service":"facebook-page-api","timestamp":"2026-01-08 20:09:38"}
{"level":"error","message":"500 - Error validating access token: The session is invalid because the user logged out. - /api/facebook/posts - GET - ::1","service":"facebook-page-api","timestamp":"2026-01-08 20:09:38"}
{"level":"info","message":"::1 - - [08/Jan/2026:14:39:38 +0000] \"GET /api/facebook/posts HTTP/1.1\" 500 33 \"-\" \"PostmanRuntime/7.51.0\"","service":"facebook-page-api","timestamp":"2026-01-08 20:09:38"}
{"error":{"error":{"code":190,"error_subcode":467,"fbtrace_id":"Actt12cRf7-c2fVTXkgBvGS","message":"Error validating access token: The session is invalid because the user logged out.","type":"OAuthException"}},"level":"error","message":"Error fetching Facebook page posts","service":"facebook-page-api","timestamp":"2026-01-08 20:09:50"}
{"level":"error","message":"500 - Error validating access token: The session is invalid because the user logged out. - /api/facebook/posts - GET - ::1","service":"facebook-page-api","timestamp":"2026-01-08 20:09:50"}
{"level":"info","message":"::1 - - [08/Jan/2026:14:39:50 +0000] \"GET /api/facebook/posts HTTP/1.1\" 500 33 \"-\" \"PostmanRuntime/7.51.0\"","service":"facebook-page-api","timestamp":"2026-01-08 20:09:50"}
{"error":{"error":{"code":190,"error_subcode":467,"fbtrace_id":"A0ATaHi0_UdrqY_1mA6j4P4","message":"Error validating access token: The session is invalid because the user logged out.","type":"OAuthException"}},"level":"error","message":"Error fetching Facebook page posts","service":"facebook-page-api","timestamp":"2026-01-08 20:10:23"}
{"level":"error","message":"500 - Error validating access token: The session is invalid because the user logged out. - /api/facebook/posts - GET - ::1","service":"facebook-page-api","timestamp":"2026-01-08 20:10:23"}
{"level":"info","message":"::1 - - [08/Jan/2026:14:40:23 +0000] \"GET /api/facebook/posts HTTP/1.1\" 500 33 \"-\" \"PostmanRuntime/7.51.0\"","service":"facebook-page-api","timestamp":"2026-01-08 20:10:23"}
{"level":"info","message":"Server is running on port 3001","service":"facebook-page-api","timestamp":"2026-01-08 20:38:53"}
{"error":{"error":{"code":190,"error_subcode":467,"fbtrace_id":"AQowTCUQp5jo_ZXG3Iux0Qr","message":"Error validating access token: The session is invalid because the user logged out.","type":"OAuthException"}},"level":"error","message":"Error fetching Facebook page posts","service":"facebook-page-api","timestamp":"2026-01-08 20:39:12"}
{"level":"error","message":"500 - Error validating access token: The session is invalid because the user logged out. - /api/facebook/posts - GET - ::1","service":"facebook-page-api","timestamp":"2026-01-08 20:39:12"}
{"level":"info","message":"::1 - - [08/Jan/2026:15:09:12 +0000] \"GET /api/facebook/posts HTTP/1.1\" 500 33 \"-\" \"Mozilla/5.0 (Windows NT; Windows NT 10.0; en-IN) WindowsPowerShell/5.1.26100.7462\"","service":"facebook-page-api","timestamp":"2026-01-08 20:39:12"}
{"level":"info","message":"Server is running on port 3001","service":"facebook-page-api","timestamp":"2026-01-09 14:45:04"}
{"level":"info","message":"Server is running on port 3001","service":"facebook-page-api","timestamp":"2026-01-09 14:52:54"}
{"level":"info","message":"Server is running on port 3001","service":"facebook-page-api","timestamp":"2026-01-09 14:53:22"}
{"level":"info","message":"Server is running on port 3001","service":"facebook-page-api","timestamp":"2026-01-09 14:53:51"}
{"level":"info","message":"Server is running on port 3001","service":"facebook-page-api","timestamp":"2026-01-09 14:54:21"}
{"level":"info","message":"Successfully posted to Facebook page","postId":"986146401239799_122104799739196931","service":"facebook-page-api","timestamp":"2026-01-09 14:55:24"}
{"level":"info","message":"::1 - - [09/Jan/2026:09:25:24 +0000] \"POST /api/facebook/posts HTTP/1.1\" 201 105 \"-\" \"Mozilla/5.0 (Windows NT; Windows NT 10.0; en-IN) WindowsPowerShell/5.1.26100.7462\"","service":"facebook-page-api","timestamp":"2026-01-09 14:55:24"}
{"level":"info","message":"Successfully posted to Facebook page","postId":"986146401239799_122104799805196931","service":"facebook-page-api","timestamp":"2026-01-09 14:55:33"}
{"level":"info","message":"::1 - - [09/Jan/2026:09:25:33 +0000] \"POST /api/facebook/posts HTTP/1.1\" 201 105 \"-\" \"Mozilla/5.0 (Windows NT; Windows NT 10.0; en-IN) WindowsPowerShell/5.1.26100.7462\"","service":"facebook-page-api","timestamp":"2026-01-09 14:55:33"}
{"level":"info","message":"::1 - - [09/Jan/2026:09:25:36 +0000] \"GET /api/facebook/posts HTTP/1.1\" 200 647 \"-\" \"Mozilla/5.0 (Windows NT; Windows NT 10.0; en-IN) WindowsPowerShell/5.1.26100.7462\"","service":"facebook-page-api","timestamp":"2026-01-09 14:55:36"}
{"level":"info","message":"Successfully posted to Facebook page","postId":"986146401239799_122104800075196931","service":"facebook-page-api","timestamp":"2026-01-09 14:56:40"}
{"level":"info","message":"::1 - - [09/Jan/2026:09:26:40 +0000] \"POST /api/facebook/posts HTTP/1.1\" 201 105 \"-\" \"Mozilla/5.0 (Windows NT; Windows NT 10.0; en-IN) WindowsPowerShell/5.1.26100.7462\"","service":"facebook-page-api","timestamp":"2026-01-09 14:56:40"}
{"level":"info","message":"::1 - - [09/Jan/2026:09:26:46 +0000] \"GET /api/facebook/posts HTTP/1.1\" 200 880 \"-\" \"Mozilla/5.0 (Windows NT; Windows NT 10.0; en-IN) WindowsPowerShell/5.1.26100.7462\"","service":"facebook-page-api","timestamp":"2026-01-09 14:56:46"}
