{"error":{"error":{"code":190,"error_subcode":467,"fbtrace_id":"AfKXpRZqRXMy03uj7JgB4Ei","message":"Error validating access token: The session is invalid because the user logged out.","type":"OAuthException"}},"level":"error","message":"Error posting to Facebook page","service":"facebook-page-api","timestamp":"2026-01-08 19:03:05"}
{"level":"error","message":"500 - Error validating access token: The session is invalid because the user logged out. - /api/facebook/posts - POST - ::1","service":"facebook-page-api","timestamp":"2026-01-08 19:03:05"}
{"error":{"error":{"code":190,"error_subcode":467,"fbtrace_id":"AaDOFVhumBgIY4p4b7giUyA","message":"Error validating access token: The session is invalid because the user logged out.","type":"OAuthException"}},"level":"error","message":"Error posting to Facebook page","service":"facebook-page-api","timestamp":"2026-01-08 19:03:11"}
{"level":"error","message":"500 - Error validating access token: The session is invalid because the user logged out. - /api/facebook/posts - POST - ::1","service":"facebook-page-api","timestamp":"2026-01-08 19:03:11"}
{"error":{"error":{"code":190,"error_subcode":467,"fbtrace_id":"ApdcxcfJDeGD9hZMnEKfVNO","message":"Error validating access token: The session is invalid because the user logged out.","type":"OAuthException"}},"level":"error","message":"Error posting to Facebook page","service":"facebook-page-api","timestamp":"2026-01-08 19:14:46"}
{"level":"error","message":"500 - Error validating access token: The session is invalid because the user logged out. - /api/facebook/posts - POST - ::1","service":"facebook-page-api","timestamp":"2026-01-08 19:14:46"}
{"error":{"error":{"code":190,"error_subcode":467,"fbtrace_id":"Ak3Q3rxv2fGWuNQzy2niMJv","message":"Error validating access token: The session is invalid because the user logged out.","type":"OAuthException"}},"level":"error","message":"Error posting to Facebook page","service":"facebook-page-api","timestamp":"2026-01-08 19:47:04"}
{"level":"error","message":"500 - Error validating access token: The session is invalid because the user logged out. - /api/facebook/posts - POST - ::1","service":"facebook-page-api","timestamp":"2026-01-08 19:47:04"}
{"error":{"error":{"code":190,"error_subcode":467,"fbtrace_id":"AHh5aY7lrCxHPmzXhglyUPa","message":"Error validating access token: The session is invalid because the user logged out.","type":"OAuthException"}},"level":"error","message":"Error posting to Facebook page","service":"facebook-page-api","timestamp":"2026-01-08 19:57:18"}
{"level":"error","message":"500 - Error validating access token: The session is invalid because the user logged out. - /api/facebook/posts - POST - ::1","service":"facebook-page-api","timestamp":"2026-01-08 19:57:18"}
{"error":{"error":{"code":190,"error_subcode":467,"fbtrace_id":"ApGACWpu8grQpcr2hf6aOoF","message":"Error validating access token: The session is invalid because the user logged out.","type":"OAuthException"}},"level":"error","message":"Error posting to Facebook page","service":"facebook-page-api","timestamp":"2026-01-08 20:08:02"}
{"level":"error","message":"500 - Error validating access token: The session is invalid because the user logged out. - /api/facebook/posts - POST - ::1","service":"facebook-page-api","timestamp":"2026-01-08 20:08:02"}
{"error":{"error":{"code":190,"error_subcode":467,"fbtrace_id":"A3K0UlchthsKWb98Dt5mu1B","message":"Error validating access token: The session is invalid because the user logged out.","type":"OAuthException"}},"level":"error","message":"Error fetching Facebook page posts","service":"facebook-page-api","timestamp":"2026-01-08 20:09:38"}
{"level":"error","message":"500 - Error validating access token: The session is invalid because the user logged out. - /api/facebook/posts - GET - ::1","service":"facebook-page-api","timestamp":"2026-01-08 20:09:38"}
{"error":{"error":{"code":190,"error_subcode":467,"fbtrace_id":"Actt12cRf7-c2fVTXkgBvGS","message":"Error validating access token: The session is invalid because the user logged out.","type":"OAuthException"}},"level":"error","message":"Error fetching Facebook page posts","service":"facebook-page-api","timestamp":"2026-01-08 20:09:50"}
{"level":"error","message":"500 - Error validating access token: The session is invalid because the user logged out. - /api/facebook/posts - GET - ::1","service":"facebook-page-api","timestamp":"2026-01-08 20:09:50"}
{"error":{"error":{"code":190,"error_subcode":467,"fbtrace_id":"A0ATaHi0_UdrqY_1mA6j4P4","message":"Error validating access token: The session is invalid because the user logged out.","type":"OAuthException"}},"level":"error","message":"Error fetching Facebook page posts","service":"facebook-page-api","timestamp":"2026-01-08 20:10:23"}
{"level":"error","message":"500 - Error validating access token: The session is invalid because the user logged out. - /api/facebook/posts - GET - ::1","service":"facebook-page-api","timestamp":"2026-01-08 20:10:23"}
{"error":{"error":{"code":190,"error_subcode":467,"fbtrace_id":"AQowTCUQp5jo_ZXG3Iux0Qr","message":"Error validating access token: The session is invalid because the user logged out.","type":"OAuthException"}},"level":"error","message":"Error fetching Facebook page posts","service":"facebook-page-api","timestamp":"2026-01-08 20:39:12"}
{"level":"error","message":"500 - Error validating access token: The session is invalid because the user logged out. - /api/facebook/posts - GET - ::1","service":"facebook-page-api","timestamp":"2026-01-08 20:39:12"}
